app/build/intermediates/manifest_merge_blame_file/debug/manifest-merger-blame-debug-report.txt
1<?xml version="1.0" encoding="utf-8"?>
2<manifest xmlns:android="http://schemas.android.com/apk/res/android"
3    xmlns:dist="http://schemas.android.com/apk/distribution"
4    package="com.example.appmarket_float_window"
5    android:versionCode="1"
6    android:versionName="1.0" >
7
8    <uses-sdk
9        android:minSdkVersion="24"
9-->src\main\AndroidManifest.xml
10        android:targetSdkVersion="29" />
10-->src\main\AndroidManifest.xml
11
12    <dist:module dist:instant="true" />
12-->src\main\AndroidManifest.xml:7:5-40
12-->src\main\AndroidManifest.xml:7:18-37
13
14    <uses-permission android:name="android.permission.SYSTEM_ALERT_WINDOW" />
14-->src\main\AndroidManifest.xml:9:5-78
14-->src\main\AndroidManifest.xml:9:22-75
15    <uses-permission android:name="android.permission.INTERNET" />
15-->src\main\AndroidManifest.xml:10:5-67
15-->src\main\AndroidManifest.xml:10:22-64
16    <uses-permission android:name="android.permission.ACCESS_NETWORK_STATE" />
16-->src\main\AndroidManifest.xml:11:5-79
16-->src\main\AndroidManifest.xml:11:22-76
17    <uses-permission android:name="android.permission.CHANGE_NETWORK_STATE" />
17-->src\main\AndroidManifest.xml:12:5-79
17-->src\main\AndroidManifest.xml:12:22-76
18    <uses-permission android:name="android.permission.CAMERA" />
18-->src\main\AndroidManifest.xml:13:5-65
18-->src\main\AndroidManifest.xml:13:22-62
19    <uses-permission android:name="android.permission.VIBRATE" />
19-->src\main\AndroidManifest.xml:14:5-66
19-->src\main\AndroidManifest.xml:14:22-63
20
21    <application
21-->src\main\AndroidManifest.xml:16:5-41:19
22        android:allowBackup="true"
22-->src\main\AndroidManifest.xml:17:9-35
23        android:appComponentFactory="androidx.core.app.CoreComponentFactory"
23-->[androidx.core:core:1.0.1] AndroidManifest.xml:22:18-86
24        android:debuggable="true"
25        android:icon="@mipmap/ic_launcher"
25-->src\main\AndroidManifest.xml:18:9-43
26        android:label="@string/app_name"
26-->src\main\AndroidManifest.xml:19:9-41
27        android:resizeableActivity="true"
27-->src\main\AndroidManifest.xml:23:9-43
28        android:roundIcon="@mipmap/ic_launcher_round"
28-->src\main\AndroidManifest.xml:20:9-54
29        android:supportsPictureInPicture="true"
29-->src\main\AndroidManifest.xml:24:9-48
30        android:supportsRtl="true"
30-->src\main\AndroidManifest.xml:21:9-35
31        android:theme="@style/AppTheme" >
31-->src\main\AndroidManifest.xml:22:9-40
32        <activity
32-->src\main\AndroidManifest.xml:26:9-29:66
33            android:name="com.example.appmarket_float_window.qrcode_scaner"
33-->src\main\AndroidManifest.xml:27:13-42
34            android:configChanges="orientation|keyboardHidden"
34-->src\main\AndroidManifest.xml:29:13-63
35            android:screenOrientation="portrait" />
35-->src\main\AndroidManifest.xml:28:13-49
36        <activity
36-->src\main\AndroidManifest.xml:30:9-39:20
37            android:name="com.example.appmarket_float_window.MainActivity"
37-->src\main\AndroidManifest.xml:31:13-41
38            android:configChanges="orientation|keyboardHidden"
38-->src\main\AndroidManifest.xml:33:13-63
39            android:screenOrientation="portrait" >
39-->src\main\AndroidManifest.xml:32:13-49
40            <intent-filter>
40-->src\main\AndroidManifest.xml:34:13-38:29
41                <action android:name="android.intent.action.MAIN" />
41-->src\main\AndroidManifest.xml:35:17-69
41-->src\main\AndroidManifest.xml:35:25-66
42
43                <category android:name="android.intent.category.LAUNCHER" />
43-->src\main\AndroidManifest.xml:37:17-77
43-->src\main\AndroidManifest.xml:37:27-74
44            </intent-filter>
45        </activity>
46        <activity
46-->[com.google.android.gms:play-services-base:16.0.1] AndroidManifest.xml:23:9-26:75
47            android:name="com.google.android.gms.common.api.GoogleApiActivity"
47-->[com.google.android.gms:play-services-base:16.0.1] AndroidManifest.xml:24:13-79
48            android:exported="false"
48-->[com.google.android.gms:play-services-base:16.0.1] AndroidManifest.xml:25:13-37
49            android:theme="@android:style/Theme.Translucent.NoTitleBar" />
49-->[com.google.android.gms:play-services-base:16.0.1] AndroidManifest.xml:26:13-72
50
51        <meta-data
51-->[com.google.android.gms:play-services-basement:16.0.1] AndroidManifest.xml:23:9-25:69
52            android:name="com.google.android.gms.version"
52-->[com.google.android.gms:play-services-basement:16.0.1] AndroidManifest.xml:24:13-58
53            android:value="@integer/google_play_services_version" />
53-->[com.google.android.gms:play-services-basement:16.0.1] AndroidManifest.xml:25:13-66
54    </application>
55
56</manifest>